
07.05.2024 8:34:06 ERROR message: Невозможно добавить или вставить элемент 'Правила' в несколько позиций. Сначала удалите его из текущей позиции или создайте его клон. (Parameter 'node')
   at System.Windows.Forms.TreeNodeCollection.AddInternal(TreeNode node, Int32 delta)
   at Example2.EditorConditionGroupForm.EditorConditionGroupForm_Load(Object sender, EventArgs e) in O:\VS\Example2\EditorConditionGroupForm.cs:line 253
   at System.Windows.Forms.Form.OnLoad(EventArgs e)
   at System.Windows.Forms.Form.SetVisibleCore(Boolean value)
   at System.Windows.Forms.Application.ThreadContext.RunMessageLoopInner(msoloop reason, ApplicationContext context)
   at System.Windows.Forms.Application.ThreadContext.RunMessageLoop(msoloop reason, ApplicationContext context)
   at System.Windows.Forms.Application.RunDialog(Form form)
   at System.Windows.Forms.Form.ShowDialog(IWin32Window owner)
   at System.Windows.Forms.Form.ShowDialog()
   at Example2.ExportControl.editGroupButton_Click(Object sender, EventArgs e) in O:\VS\Example2\ExportControl.cs:line 541
   at System.Windows.Forms.Control.OnClick(EventArgs e)
   at System.Windows.Forms.Button.OnClick(EventArgs e)
   at System.Windows.Forms.Button.OnMouseUp(MouseEventArgs mevent)
   at System.Windows.Forms.Control.WmMouseUp(Message& m, MouseButtons button, Int32 clicks)
   at System.Windows.Forms.Control.WndProc(Message& m)
   at System.Windows.Forms.ButtonBase.WndProc(Message& m)
   at System.Windows.Forms.Control.ControlNativeWindow.WndProc(Message& m)
   at System.Windows.Forms.NativeWindow.Callback(IntPtr hWnd, WM msg, IntPtr wparam, IntPtr lparam)
   at Interop.User32.DispatchMessageW(MSG& msg)
   at System.Windows.Forms.Application.ComponentManager.Interop.Mso.IMsoComponentManager.FPushMessageLoop(UIntPtr dwComponentID, msoloop uReason, Void* pvLoopData)
   at System.Windows.Forms.Application.ThreadContext.RunMessageLoopInner(msoloop reason, ApplicationContext context)
   at System.Windows.Forms.Application.ThreadContext.RunMessageLoop(msoloop reason, ApplicationContext context)
   at System.Windows.Forms.Application.Run(Form mainForm)
   at Example2.Program.Main() in O:\VS\Example2\Program.cs:line 18

21.05.2024 15:56:14 ERROR message: Unable to cast object of type 'System.Windows.Forms.TabControl' to type 'System.Windows.Forms.TabPage'.
   at Example2.ExportControl.TabControl1_SelectedIndexChanged(Object sender, EventArgs e) in O:\VS\Example2\ExportControl.cs:line 949
   at System.Windows.Forms.TabControl.OnSelectedIndexChanged(EventArgs e)
   at System.Windows.Forms.TabControl.WmSelChange()
   at System.Windows.Forms.TabControl.WndProc(Message& m)
   at System.Windows.Forms.Control.ControlNativeWindow.OnMessage(Message& m)
   at System.Windows.Forms.Control.ControlNativeWindow.WndProc(Message& m)
   at System.Windows.Forms.NativeWindow.Callback(IntPtr hWnd, WM msg, IntPtr wparam, IntPtr lparam)
   at Interop.User32.SendMessageW(IHandle hWnd, WM Msg, IntPtr wParam, IntPtr lParam)
   at System.Windows.Forms.Control.ReflectMessage(IntPtr hWnd, Message& m)
   at System.Windows.Forms.Control.WmNotify(Message& m)
   at System.Windows.Forms.Control.WndProc(Message& m)
   at System.Windows.Forms.ScrollableControl.WndProc(Message& m)
   at System.Windows.Forms.ContainerControl.WndProc(Message& m)
   at System.Windows.Forms.UserControl.WndProc(Message& m)
   at System.Windows.Forms.Control.ControlNativeWindow.OnMessage(Message& m)
   at System.Windows.Forms.Control.ControlNativeWindow.WndProc(Message& m)
   at System.Windows.Forms.NativeWindow.Callback(IntPtr hWnd, WM msg, IntPtr wparam, IntPtr lparam)
   at Interop.User32.CallWindowProcW(IntPtr wndProc, IntPtr hWnd, WM msg, IntPtr wParam, IntPtr lParam)
   at System.Windows.Forms.NativeWindow.DefWndProc(Message& m)
   at System.Windows.Forms.Control.DefWndProc(Message& m)
   at System.Windows.Forms.Control.WmMouseDown(Message& m, MouseButtons button, Int32 clicks)
   at System.Windows.Forms.Control.WndProc(Message& m)
   at System.Windows.Forms.TabControl.WndProc(Message& m)
   at System.Windows.Forms.Control.ControlNativeWindow.OnMessage(Message& m)
   at System.Windows.Forms.Control.ControlNativeWindow.WndProc(Message& m)
   at System.Windows.Forms.NativeWindow.Callback(IntPtr hWnd, WM msg, IntPtr wparam, IntPtr lparam)
   at Interop.User32.DispatchMessageW(MSG& msg)
   at System.Windows.Forms.Application.ComponentManager.Interop.Mso.IMsoComponentManager.FPushMessageLoop(UIntPtr dwComponentID, msoloop uReason, Void* pvLoopData)
   at System.Windows.Forms.Application.ThreadContext.RunMessageLoopInner(msoloop reason, ApplicationContext context)
   at System.Windows.Forms.Application.ThreadContext.RunMessageLoop(msoloop reason, ApplicationContext context)
   at System.Windows.Forms.Application.Run(Form mainForm)
   at Example2.Program.Main() in O:\VS\Example2\Program.cs:line 18
